{"C:\\Users\\DELL\\Desktop\\P8\\C214\\lab\\C214-Lab_exercicios\\workslowsCI\\CI_test\\src\\utils\\Constants.js": {"path":"C:\\Users\\DELL\\Desktop\\P8\\C214\\lab\\C214-Lab_exercicios\\workslowsCI\\CI_test\\src\\utils\\Constants.js","statementMap":{"0":{"start":{"line":1,"column":18},"end":{"line":21,"column":1}},"1":{"start":{"line":23,"column":0},"end":{"line":23,"column":27}}},"fnMap":{},"branchMap":{},"s":{"0":1,"1":1},"f":{},"b":{},"_coverageSchema":"1a1c01bbd47fc00a2c39e90264f33305004495a9","hash":"f219396dcec577e46f1fd752aa7a3fe9ab624c1c"}
,"C:\\Users\\DELL\\Desktop\\P8\\C214\\lab\\C214-Lab_exercicios\\workslowsCI\\CI_test\\src\\utils\\cars_validation.js": {"path":"C:\\Users\\DELL\\Desktop\\P8\\C214\\lab\\C214-Lab_exercicios\\workslowsCI\\CI_test\\src\\utils\\cars_validation.js","statementMap":{"0":{"start":{"line":1,"column":15},"end":{"line":26,"column":1}},"1":{"start":{"line":28,"column":15},"end":{"line":41,"column":1}},"2":{"start":{"line":43,"column":17},"end":{"line":50,"column":1}},"3":{"start":{"line":52,"column":0},"end":{"line":56,"column":2}}},"fnMap":{},"branchMap":{},"s":{"0":1,"1":1,"2":1,"3":1},"f":{},"b":{},"_coverageSchema":"1a1c01bbd47fc00a2c39e90264f33305004495a9","hash":"532e799d87c99984a297368d0bec35a019bb89f3"}
,"C:\\Users\\DELL\\Desktop\\P8\\C214\\lab\\C214-Lab_exercicios\\workslowsCI\\CI_test\\src\\utils\\validations.js": {"path":"C:\\Users\\DELL\\Desktop\\P8\\C214\\lab\\C214-Lab_exercicios\\workslowsCI\\CI_test\\src\\utils\\validations.js","statementMap":{"0":{"start":{"line":1,"column":17},"end":{"line":1,"column":39}},"1":{"start":{"line":2,"column":18},"end":{"line":2,"column":47}},"2":{"start":{"line":3,"column":20},"end":{"line":3,"column":55}},"3":{"start":{"line":5,"column":19},"end":{"line":15,"column":1}},"4":{"start":{"line":7,"column":27},"end":{"line":7,"column":70}},"5":{"start":{"line":8,"column":8},"end":{"line":12,"column":9}},"6":{"start":{"line":9,"column":29},"end":{"line":9,"column":54}},"7":{"start":{"line":10,"column":12},"end":{"line":10,"column":42}},"8":{"start":{"line":11,"column":12},"end":{"line":11,"column":28}},"9":{"start":{"line":13,"column":8},"end":{"line":13,"column":26}},"10":{"start":{"line":17,"column":0},"end":{"line":17,"column":28}}},"fnMap":{"0":{"name":"(anonymous_0)","decl":{"start":{"line":6,"column":4},"end":{"line":6,"column":5}},"loc":{"start":{"line":6,"column":16},"end":{"line":14,"column":5}},"line":6}},"branchMap":{"0":{"loc":{"start":{"line":8,"column":8},"end":{"line":12,"column":9}},"type":"if","locations":[{"start":{"line":8,"column":8},"end":{"line":12,"column":9}},{"start":{},"end":{}}],"line":8}},"s":{"0":1,"1":1,"2":1,"3":1,"4":7,"5":7,"6":6,"7":6,"8":6,"9":1,"10":1},"f":{"0":7},"b":{"0":[6,1]},"_coverageSchema":"1a1c01bbd47fc00a2c39e90264f33305004495a9","hash":"3fcd8a46b81f589c8795f38d53cb36081ce5fcb7"}
}
